<?xml version="1.0" encoding="UTF-8"?>
<!-- Generated by org.testng.reporters.JUnitReportReporter -->
<testsuite skipped="0" hostname="PRIYANKA-PC" name="webdriverTest.NewTest" tests="1" failures="0" timestamp="21 Feb 2018 01:15:28 GMT" time="5.296" errors="0">
  <testcase name="testEasy" time="5.296" classname="webdriverTest.NewTest"/>
</testsuite> <!-- webdriverTest.NewTest -->
